[debug] [2024-01-10T15:31:55.539Z] ----------------------------------------------------------------------
[debug] [2024-01-10T15:31:55.542Z] Command:       C:\Program Files\nodejs\node.exe C:\Users\Guruprasad\AppData\Roaming\npm\node_modules\firebase-tools\lib\bin\firebase.js init
[debug] [2024-01-10T15:31:55.542Z] CLI Version:   12.8.1
[debug] [2024-01-10T15:31:55.543Z] Platform:      win32
[debug] [2024-01-10T15:31:55.543Z] Node Version:  v18.14.1
[debug] [2024-01-10T15:31:55.544Z] Time:          Wed Jan 10 2024 21:01:55 GMT+0530 (India Standard Time)
[debug] [2024-01-10T15:31:55.544Z] ----------------------------------------------------------------------
[debug] 
[debug] [2024-01-10T15:31:55.623Z] > command requires scopes: ["email","openid","https://www.googleapis.com/auth/cloudplatformprojects.readonly","https://www.googleapis.com/auth/firebase","https://www.googleapis.com/auth/cloud-platform"]
[debug] [2024-01-10T15:31:55.623Z] > authorizing via signed-in user (guruprasadmariappan@gmail.com)
[info] 
     ######## #### ########  ######## ########     ###     ######  ########
     ##        ##  ##     ## ##       ##     ##  ##   ##  ##       ##
     ######    ##  ########  ######   ########  #########  ######  ######
     ##        ##  ##    ##  ##       ##     ## ##     ##       ## ##
     ##       #### ##     ## ######## ########  ##     ##  ######  ########

You're about to initialize a Firebase project in this directory:

  C:\Users\Guruprasad\OneDrive\Desktop\react-expensetracker\my-app

Before we get started, keep in mind:

  * You are initializing within an existing Firebase project directory

